<?xml version="1.0" encoding="UTF-8"?>
<!-- Generated by org.testng.reporters.JUnitXMLReporter -->
<testsuite ignored="0" hostname="DESKTOP-JG074OP" failures="0" tests="5" name="Default test" time="0.129" errors="0" timestamp="2021-09-11T13:11:14 EET">
  <testcase classname="test.CalculatorTest" name="testAdd" time="0.013"/>
  <testcase classname="test.CalculatorTest" name="testDivide" time="0.002"/>
  <testcase classname="test.CalculatorTest" name="testDivideByZero" time="0.001"/>
  <testcase classname="test.CalculatorTest" name="testMultiply" time="0.001"/>
  <testcase classname="test.CalculatorTest" name="testSubtract" time="0.001"/>
</testsuite> <!-- Default test -->
